0.000000000000000000e+00 0.000000000000000000e+00
5.999999999999999778e-02 0.000000000000000000e+00
1.199999999999999956e-01 0.000000000000000000e+00
1.799999999999999933e-01 0.000000000000000000e+00
2.399999999999999911e-01 0.000000000000000000e+00
2.999999999999999889e-01 0.000000000000000000e+00
3.599999999999999867e-01 0.000000000000000000e+00
4.199999999999999845e-01 0.000000000000000000e+00
4.799999999999999822e-01 0.000000000000000000e+00
5.400000000000000355e-01 0.000000000000000000e+00
5.999999999999999778e-01 0.000000000000000000e+00
6.599999999999999201e-01 0.000000000000000000e+00
7.199999999999999734e-01 0.000000000000000000e+00
7.800000000000000266e-01 0.000000000000000000e+00
8.399999999999999689e-01 1.122222621353522430e-02
8.999999999999999112e-01 8.439845073940640319e+00
9.599999999999999645e-01 3.030496761697470376e+01
1.020000000000000018e+00 4.271529440119033794e+00
1.080000000000000071e+00 4.839632165154595517e-02
1.139999999999999902e+00 3.095080899158613830e-04
1.199999999999999956e+00 0.000000000000000000e+00
1.260000000000000009e+00 1.120989657094308893e-04
1.319999999999999840e+00 1.482881113435022789e-03
1.379999999999999893e+00 1.846580822273653430e-02
1.439999999999999947e+00 1.135516144583206266e-01
1.500000000000000000e+00 4.036490456554811534e-01
1.560000000000000053e+00 9.822799110100400855e-01
1.619999999999999885e+00 1.755577240412669715e+00
1.679999999999999938e+00 2.243467143572823286e+00
1.739999999999999991e+00 2.231839463213848962e+00
1.799999999999999822e+00 1.850343369085881040e+00
1.859999999999999876e+00 1.343217619750447955e+00
1.919999999999999929e+00 8.773382730916039485e-01
1.979999999999999982e+00 5.525050741872534754e-01
2.040000000000000036e+00 3.084194922121828997e-01
2.100000000000000089e+00 1.622428058290910913e-01
2.160000000000000142e+00 9.063058993682338027e-02
2.219999999999999751e+00 5.178793780223892029e-02
2.279999999999999805e+00 2.757110330479128207e-02
2.339999999999999858e+00 1.567757159132365449e-02
2.399999999999999911e+00 8.757005728217932133e-03
2.459999999999999964e+00 6.664102153184327942e-03
2.520000000000000018e+00 6.094324883684855247e-03
2.580000000000000071e+00 7.317149047272106591e-03
2.639999999999999680e+00 1.483706146551533843e-02
2.699999999999999734e+00 3.495228792138707630e-02
2.759999999999999787e+00 9.038648234990499797e-02
2.819999999999999840e+00 1.993429347480745462e-01
2.879999999999999893e+00 3.996219032373573565e-01
2.939999999999999947e+00 7.089642124401897005e-01
3.000000000000000000e+00 1.091091226517176604e+00
3.060000000000000053e+00 1.480211110592954293e+00
3.120000000000000107e+00 1.758601065546455677e+00
3.179999999999999716e+00 1.810993324317588193e+00
3.239999999999999769e+00 1.693888647501756273e+00
3.299999999999999822e+00 1.484023226665762696e+00
3.359999999999999876e+00 1.263219464627203692e+00
3.419999999999999929e+00 1.101701862214384819e+00
3.479999999999999982e+00 1.007645920550086949e+00
3.540000000000000036e+00 9.791553414906111197e-01
3.599999999999999645e+00 9.987456504336408303e-01
3.659999999999999698e+00 1.000248158960287181e+00
3.719999999999999751e+00 9.544005885795682209e-01
3.779999999999999805e+00 9.125940802754681780e-01
3.839999999999999858e+00 8.568757126313591987e-01
3.899999999999999911e+00 8.089207316752665688e-01
3.959999999999999964e+00 7.669755390153344399e-01
4.019999999999999574e+00 7.386818352916184605e-01
4.080000000000000071e+00 7.538103864085716754e-01
4.139999999999999680e+00 8.105006763535766989e-01
4.200000000000000178e+00 8.874472384919358525e-01
4.259999999999999787e+00 9.864609722523091095e-01
4.320000000000000284e+00 1.093351114228572341e+00
4.379999999999999893e+00 1.206990457404452766e+00
4.439999999999999503e+00 1.318067915755170683e+00
4.500000000000000000e+00 1.420761899610550216e+00
4.559999999999999609e+00 1.457524803420143344e+00
4.620000000000000107e+00 1.471888558334308872e+00
4.679999999999999716e+00 1.493440320192600756e+00
4.740000000000000213e+00 1.470387660436903055e+00
4.799999999999999822e+00 1.403111193284821478e+00
4.859999999999999432e+00 1.341853499226212998e+00
4.919999999999999929e+00 1.283306866591130690e+00
4.979999999999999538e+00 1.234161947255375313e+00
5.040000000000000036e+00 1.179804381868381657e+00
5.099999999999999645e+00 1.139521093933685281e+00
5.160000000000000142e+00 1.104020439095940054e+00
5.219999999999999751e+00 1.078549918385661943e+00
5.279999999999999361e+00 1.051973399007521737e+00
5.339999999999999858e+00 1.030528816442273232e+00
5.399999999999999467e+00 1.010137146533109709e+00
5.459999999999999964e+00 9.856034223642869962e-01
5.519999999999999574e+00 9.693198205920888766e-01
5.580000000000000071e+00 9.570236938726207621e-01
5.639999999999999680e+00 9.526451937272584214e-01
5.700000000000000178e+00 9.614439488262835898e-01
5.759999999999999787e+00 9.622482821575432110e-01
5.819999999999999396e+00 9.636371950041491274e-01
5.879999999999999893e+00 9.606259649224131447e-01
5.939999999999999503e+00 9.477337840932106294e-01
