0.000000000000000000e+00 0.000000000000000000e+00
5.999999999999999778e-02 0.000000000000000000e+00
1.199999999999999956e-01 0.000000000000000000e+00
1.799999999999999933e-01 0.000000000000000000e+00
2.399999999999999911e-01 0.000000000000000000e+00
2.999999999999999889e-01 0.000000000000000000e+00
3.599999999999999867e-01 0.000000000000000000e+00
4.199999999999999845e-01 0.000000000000000000e+00
4.799999999999999822e-01 0.000000000000000000e+00
5.400000000000000355e-01 0.000000000000000000e+00
5.999999999999999778e-01 0.000000000000000000e+00
6.599999999999999201e-01 0.000000000000000000e+00
7.199999999999999734e-01 0.000000000000000000e+00
7.800000000000000266e-01 0.000000000000000000e+00
8.399999999999999689e-01 0.000000000000000000e+00
8.999999999999999112e-01 0.000000000000000000e+00
9.599999999999999645e-01 0.000000000000000000e+00
1.020000000000000018e+00 0.000000000000000000e+00
1.080000000000000071e+00 0.000000000000000000e+00
1.139999999999999902e+00 0.000000000000000000e+00
1.199999999999999956e+00 0.000000000000000000e+00
1.260000000000000009e+00 2.447640065506618580e-05
1.319999999999999840e+00 4.945250367598985099e-03
1.379999999999999893e+00 9.281165778659820897e-02
1.439999999999999947e+00 8.034678030540539639e-01
1.500000000000000000e+00 2.613594444353199986e+00
1.560000000000000053e+00 3.191867169762133027e+00
1.619999999999999885e+00 1.459232342380331282e+00
1.679999999999999938e+00 2.582016521683089261e-01
1.739999999999999991e+00 2.436858580866151439e-02
1.799999999999999822e+00 3.032226273179047457e-02
1.859999999999999876e+00 9.378790642342711703e-02
1.919999999999999929e+00 2.359366076787627609e-01
1.979999999999999982e+00 5.200108898812332292e-01
2.040000000000000036e+00 9.349323194445959828e-01
2.100000000000000089e+00 1.451615856199621080e+00
2.160000000000000142e+00 1.918756506517230731e+00
2.219999999999999751e+00 2.274147373013924778e+00
2.279999999999999805e+00 2.178625916620323455e+00
2.339999999999999858e+00 1.924549913676596669e+00
2.399999999999999911e+00 1.527380811487625500e+00
2.459999999999999964e+00 1.140165048509042878e+00
2.520000000000000018e+00 8.102885753039819061e-01
2.580000000000000071e+00 5.775391613130089752e-01
2.639999999999999680e+00 4.383696985374888055e-01
2.699999999999999734e+00 3.680420654478500642e-01
2.759999999999999787e+00 3.256555892726161194e-01
2.819999999999999840e+00 2.993670662901287693e-01
2.879999999999999893e+00 2.792010302960500900e-01
2.939999999999999947e+00 2.673870188582844754e-01
3.000000000000000000e+00 2.612807182393940275e-01
3.060000000000000053e+00 2.619700505433917859e-01
3.120000000000000107e+00 2.912052961579829069e-01
3.179999999999999716e+00 3.449099751073792519e-01
3.239999999999999769e+00 4.296277589995182167e-01
3.299999999999999822e+00 5.290155816499363395e-01
3.359999999999999876e+00 6.561354265444914180e-01
3.419999999999999929e+00 7.808684637273488605e-01
3.479999999999999982e+00 8.934162515755870171e-01
3.540000000000000036e+00 9.963268527649226103e-01
3.599999999999999645e+00 1.101968540119950823e+00
3.659999999999999698e+00 1.203278681994946142e+00
3.719999999999999751e+00 1.288312074510273630e+00
3.779999999999999805e+00 1.345138663052267036e+00
3.839999999999999858e+00 1.406553423588064122e+00
3.899999999999999911e+00 1.374587054967898903e+00
3.959999999999999964e+00 1.359921632096828148e+00
4.019999999999999574e+00 1.347783270639921760e+00
4.080000000000000071e+00 1.342964894139034859e+00
4.139999999999999680e+00 1.349052796645401342e+00
4.200000000000000178e+00 1.358361611050262541e+00
4.259999999999999787e+00 1.329789404559054145e+00
4.320000000000000284e+00 1.322132384311815345e+00
4.379999999999999893e+00 1.305055215244167011e+00
4.439999999999999503e+00 1.242043428210132472e+00
4.500000000000000000e+00 1.175647721766745812e+00
4.559999999999999609e+00 1.111223658562674688e+00
4.620000000000000107e+00 1.049019464720377881e+00
4.679999999999999716e+00 1.004687547800338532e+00
4.740000000000000213e+00 9.685528970409613692e-01
4.799999999999999822e+00 9.499208075900985593e-01
4.859999999999999432e+00 9.458803986026522725e-01
4.919999999999999929e+00 9.641564202783756699e-01
4.979999999999999538e+00 9.723934802111920961e-01
5.040000000000000036e+00 9.938912527844622202e-01
5.099999999999999645e+00 1.031711427830378502e+00
5.160000000000000142e+00 1.054238701817618251e+00
5.219999999999999751e+00 1.077586800748957518e+00
5.279999999999999361e+00 1.089614479925528956e+00
5.339999999999999858e+00 1.096481754312181200e+00
5.399999999999999467e+00 1.104684661213687136e+00
5.459999999999999964e+00 1.101891207154506613e+00
5.519999999999999574e+00 1.090611270981367786e+00
5.580000000000000071e+00 1.072935495239455861e+00
5.639999999999999680e+00 1.051662580654277868e+00
5.700000000000000178e+00 1.025046125023959087e+00
5.759999999999999787e+00 1.000211346436916449e+00
5.819999999999999396e+00 9.810513623836906172e-01
5.879999999999999893e+00 9.550193413932175357e-01
5.939999999999999503e+00 9.344803190129181703e-01
