0.000000000000000000e+00 0.000000000000000000e+00
5.999999999999999778e-02 0.000000000000000000e+00
1.199999999999999956e-01 0.000000000000000000e+00
1.799999999999999933e-01 0.000000000000000000e+00
2.399999999999999911e-01 0.000000000000000000e+00
2.999999999999999889e-01 0.000000000000000000e+00
3.599999999999999867e-01 0.000000000000000000e+00
4.199999999999999845e-01 0.000000000000000000e+00
4.799999999999999822e-01 0.000000000000000000e+00
5.400000000000000355e-01 0.000000000000000000e+00
5.999999999999999778e-01 0.000000000000000000e+00
6.599999999999999201e-01 0.000000000000000000e+00
7.199999999999999734e-01 0.000000000000000000e+00
7.800000000000000266e-01 0.000000000000000000e+00
8.399999999999999689e-01 0.000000000000000000e+00
8.999999999999999112e-01 0.000000000000000000e+00
9.599999999999999645e-01 0.000000000000000000e+00
1.020000000000000018e+00 0.000000000000000000e+00
1.080000000000000071e+00 0.000000000000000000e+00
1.139999999999999902e+00 0.000000000000000000e+00
1.199999999999999956e+00 0.000000000000000000e+00
1.260000000000000009e+00 0.000000000000000000e+00
1.319999999999999840e+00 0.000000000000000000e+00
1.379999999999999893e+00 0.000000000000000000e+00
1.439999999999999947e+00 0.000000000000000000e+00
1.500000000000000000e+00 0.000000000000000000e+00
1.560000000000000053e+00 0.000000000000000000e+00
1.619999999999999885e+00 0.000000000000000000e+00
1.679999999999999938e+00 0.000000000000000000e+00
1.739999999999999991e+00 0.000000000000000000e+00
1.799999999999999822e+00 0.000000000000000000e+00
1.859999999999999876e+00 0.000000000000000000e+00
1.919999999999999929e+00 0.000000000000000000e+00
1.979999999999999982e+00 0.000000000000000000e+00
2.040000000000000036e+00 0.000000000000000000e+00
2.100000000000000089e+00 0.000000000000000000e+00
2.160000000000000142e+00 0.000000000000000000e+00
2.219999999999999751e+00 0.000000000000000000e+00
2.279999999999999805e+00 0.000000000000000000e+00
2.339999999999999858e+00 2.847025680339002572e-03
2.399999999999999911e+00 5.489055173727645093e-02
2.459999999999999964e+00 3.707256605484471890e-01
2.520000000000000018e+00 1.231962023075803492e+00
2.580000000000000071e+00 2.613992536722861360e+00
2.639999999999999680e+00 3.912194898259881093e+00
2.699999999999999734e+00 4.152817112690715184e+00
2.759999999999999787e+00 3.440995389980614050e+00
2.819999999999999840e+00 2.490836335843304106e+00
2.879999999999999893e+00 1.581734420393924090e+00
2.939999999999999947e+00 9.654964076767785786e-01
3.000000000000000000e+00 5.143382705071934957e-01
3.060000000000000053e+00 2.755704724741599443e-01
3.120000000000000107e+00 1.513072191952206380e-01
3.179999999999999716e+00 8.386547315497741573e-02
3.239999999999999769e+00 4.703439357630193746e-02
3.299999999999999822e+00 3.031485020713079945e-02
3.359999999999999876e+00 2.142401526700309783e-02
3.419999999999999929e+00 2.414463839276026480e-02
3.479999999999999982e+00 2.659792421233228565e-02
3.540000000000000036e+00 3.683117134835488249e-02
3.599999999999999645e+00 5.154566495431122525e-02
3.659999999999999698e+00 8.717009624789018307e-02
3.719999999999999751e+00 1.295224016691624291e-01
3.779999999999999805e+00 1.945542225287107407e-01
3.839999999999999858e+00 2.891098649228383000e-01
3.899999999999999911e+00 4.083108146834633634e-01
3.959999999999999964e+00 5.677328825436008808e-01
4.019999999999999574e+00 7.787946564046043241e-01
4.080000000000000071e+00 1.016430295413251805e+00
4.139999999999999680e+00 1.310951407543786917e+00
4.200000000000000178e+00 1.593633170559147105e+00
4.259999999999999787e+00 1.887588068456528934e+00
4.320000000000000284e+00 2.150173665903241993e+00
4.379999999999999893e+00 2.391582650197980442e+00
4.439999999999999503e+00 2.403456699948577135e+00
4.500000000000000000e+00 2.363403813269507214e+00
4.559999999999999609e+00 2.232677751320998993e+00
4.620000000000000107e+00 2.054895465527663667e+00
4.679999999999999716e+00 1.850052389288167287e+00
4.740000000000000213e+00 1.629532368998074299e+00
4.799999999999999822e+00 1.451546250973887231e+00
4.859999999999999432e+00 1.288493478864620956e+00
4.919999999999999929e+00 1.194920778810464101e+00
4.979999999999999538e+00 1.135619861651579132e+00
5.040000000000000036e+00 1.098401708224091333e+00
5.099999999999999645e+00 1.119591337852639423e+00
5.160000000000000142e+00 1.123910222708184081e+00
5.219999999999999751e+00 1.055143008642554170e+00
5.279999999999999361e+00 1.014515144133342650e+00
5.339999999999999858e+00 9.587879370111292987e-01
5.399999999999999467e+00 8.650503119652606099e-01
5.459999999999999964e+00 7.603257886727987636e-01
5.519999999999999574e+00 6.626337946084606134e-01
5.580000000000000071e+00 5.783156500017213597e-01
5.639999999999999680e+00 5.155484317199380273e-01
5.700000000000000178e+00 4.803152518974787011e-01
5.759999999999999787e+00 4.681552033695936532e-01
5.819999999999999396e+00 4.729444287367953192e-01
5.879999999999999893e+00 5.030886149122268947e-01
5.939999999999999503e+00 5.590056868468702422e-01
