0.000000000000000000e+00 0.000000000000000000e+00
5.999999999999999778e-02 0.000000000000000000e+00
1.199999999999999956e-01 0.000000000000000000e+00
1.799999999999999933e-01 0.000000000000000000e+00
2.399999999999999911e-01 0.000000000000000000e+00
2.999999999999999889e-01 0.000000000000000000e+00
3.599999999999999867e-01 0.000000000000000000e+00
4.199999999999999845e-01 0.000000000000000000e+00
4.799999999999999822e-01 0.000000000000000000e+00
5.400000000000000355e-01 0.000000000000000000e+00
5.999999999999999778e-01 0.000000000000000000e+00
6.599999999999999201e-01 0.000000000000000000e+00
7.199999999999999734e-01 0.000000000000000000e+00
7.800000000000000266e-01 0.000000000000000000e+00
8.399999999999999689e-01 0.000000000000000000e+00
8.999999999999999112e-01 0.000000000000000000e+00
9.599999999999999645e-01 1.292943766378293391e-05
1.020000000000000018e+00 9.109403728133985906e-05
1.080000000000000071e+00 8.849716617374705054e-04
1.139999999999999902e+00 5.947797394027041357e-03
1.199999999999999956e+00 2.686779768569251201e-02
1.260000000000000009e+00 9.221257858025980192e-02
1.319999999999999840e+00 2.566510604134002449e-01
1.379999999999999893e+00 5.566766313418799461e-01
1.439999999999999947e+00 9.692325829381037705e-01
1.500000000000000000e+00 1.333706041999777270e+00
1.560000000000000053e+00 1.489424975716304500e+00
1.619999999999999885e+00 1.341397658237414303e+00
1.679999999999999938e+00 1.010889048639865395e+00
1.739999999999999991e+00 6.740630080795357859e-01
1.799999999999999822e+00 4.784237123725330609e-01
1.859999999999999876e+00 4.650582476701134449e-01
1.919999999999999929e+00 6.020339454361850473e-01
1.979999999999999982e+00 8.411811790856863480e-01
2.040000000000000036e+00 1.145391578991039161e+00
2.100000000000000089e+00 1.436015094672115300e+00
2.160000000000000142e+00 1.662962392311841064e+00
2.219999999999999751e+00 1.779102792472369243e+00
2.279999999999999805e+00 1.755316301233560194e+00
2.339999999999999858e+00 1.618021356467874483e+00
2.399999999999999911e+00 1.396178355679631666e+00
2.459999999999999964e+00 1.140410109867169730e+00
2.520000000000000018e+00 9.008203684576734371e-01
2.580000000000000071e+00 7.027915990017614689e-01
2.639999999999999680e+00 5.466447969360439529e-01
2.699999999999999734e+00 4.388893626030626605e-01
2.759999999999999787e+00 3.671814854651640481e-01
2.819999999999999840e+00 3.212164984229458065e-01
2.879999999999999893e+00 2.899288919852778812e-01
2.939999999999999947e+00 2.795098855872853449e-01
3.000000000000000000e+00 2.777009344886328113e-01
3.060000000000000053e+00 2.937063777734983394e-01
3.120000000000000107e+00 3.309054650859878932e-01
3.179999999999999716e+00 3.884138534698918788e-01
3.239999999999999769e+00 4.646069774437259770e-01
3.299999999999999822e+00 5.595350263675376024e-01
3.359999999999999876e+00 6.676483998107776152e-01
3.419999999999999929e+00 7.817806095234819397e-01
3.479999999999999982e+00 9.000256882630236488e-01
3.540000000000000036e+00 1.018062965621246541e+00
3.599999999999999645e+00 1.125732918717604836e+00
3.659999999999999698e+00 1.217863175639979811e+00
3.719999999999999751e+00 1.289219542779868055e+00
3.779999999999999805e+00 1.345761699169904846e+00
3.839999999999999858e+00 1.379692494520746937e+00
3.899999999999999911e+00 1.396838721369700220e+00
3.959999999999999964e+00 1.397327066777509064e+00
4.019999999999999574e+00 1.388538850212431397e+00
4.080000000000000071e+00 1.377313165975653009e+00
4.139999999999999680e+00 1.367282398164161750e+00
4.200000000000000178e+00 1.346814821650046401e+00
4.259999999999999787e+00 1.320143000769576025e+00
4.320000000000000284e+00 1.284349389640901284e+00
4.379999999999999893e+00 1.241235445802583826e+00
4.439999999999999503e+00 1.192920902426906071e+00
4.500000000000000000e+00 1.136641491182302177e+00
4.559999999999999609e+00 1.080498209363262685e+00
4.620000000000000107e+00 1.034037018678999997e+00
4.679999999999999716e+00 9.942791767935260649e-01
4.740000000000000213e+00 9.644560709754670391e-01
4.799999999999999822e+00 9.464212528780122646e-01
4.859999999999999432e+00 9.459914390158822295e-01
4.919999999999999929e+00 9.566443483995905606e-01
4.979999999999999538e+00 9.743200059485446207e-01
5.040000000000000036e+00 9.978466959741524311e-01
5.099999999999999645e+00 1.022855839814469814e+00
5.160000000000000142e+00 1.046453787694647142e+00
5.219999999999999751e+00 1.067485911040837454e+00
5.279999999999999361e+00 1.082822526170715172e+00
5.339999999999999858e+00 1.089882987947893067e+00
5.399999999999999467e+00 1.093883470620236498e+00
5.459999999999999964e+00 1.091983202680426146e+00
5.519999999999999574e+00 1.081535328068347734e+00
5.580000000000000071e+00 1.066987347316644241e+00
5.639999999999999680e+00 1.050168465419627939e+00
5.700000000000000178e+00 1.029597608133056230e+00
5.759999999999999787e+00 1.008971102041060552e+00
5.819999999999999396e+00 9.877840347059571036e-01
5.879999999999999893e+00 9.656073036953937150e-01
5.939999999999999503e+00 9.428396821324660504e-01
