0.000000000000000000e+00 0.000000000000000000e+00
5.999999999999999778e-02 0.000000000000000000e+00
1.199999999999999956e-01 0.000000000000000000e+00
1.799999999999999933e-01 0.000000000000000000e+00
2.399999999999999911e-01 0.000000000000000000e+00
2.999999999999999889e-01 0.000000000000000000e+00
3.599999999999999867e-01 0.000000000000000000e+00
4.199999999999999845e-01 0.000000000000000000e+00
4.799999999999999822e-01 0.000000000000000000e+00
5.400000000000000355e-01 0.000000000000000000e+00
5.999999999999999778e-01 0.000000000000000000e+00
6.599999999999999201e-01 0.000000000000000000e+00
7.199999999999999734e-01 8.616499528116427012e-03
7.800000000000000266e-01 4.069863253153811478e-01
8.399999999999999689e-01 3.481321653449036546e+00
8.999999999999999112e-01 9.971517616719832944e+00
9.599999999999999645e-01 1.264587680490427957e+01
1.020000000000000018e+00 8.808030695302973001e+00
1.080000000000000071e+00 3.984902500781041912e+00
1.139999999999999902e+00 1.331634200872368723e+00
1.199999999999999956e+00 3.677183369019035308e-01
1.260000000000000009e+00 1.218668772315862903e-01
1.319999999999999840e+00 1.208461234780031646e-01
1.379999999999999893e+00 2.413547156038897135e-01
1.439999999999999947e+00 4.801948923167138061e-01
1.500000000000000000e+00 8.472558002947052636e-01
1.560000000000000053e+00 1.280016729387342123e+00
1.619999999999999885e+00 1.689215661744191133e+00
1.679999999999999938e+00 1.900125914748266087e+00
1.739999999999999991e+00 1.847495254191281688e+00
1.799999999999999822e+00 1.572044825147670410e+00
1.859999999999999876e+00 1.196106354165073826e+00
1.919999999999999929e+00 8.227704045020927115e-01
1.979999999999999982e+00 5.236205364948341989e-01
2.040000000000000036e+00 3.144072459599195346e-01
2.100000000000000089e+00 1.819822768224638732e-01
2.160000000000000142e+00 1.032195669952025996e-01
2.219999999999999751e+00 5.617154810721543962e-02
2.279999999999999805e+00 3.130687411929031910e-02
2.339999999999999858e+00 1.746118997987022511e-02
2.399999999999999911e+00 1.054121141115738763e-02
2.459999999999999964e+00 8.658690492749167994e-03
2.520000000000000018e+00 1.179589389601779816e-02
2.580000000000000071e+00 2.371847926399846956e-02
2.639999999999999680e+00 4.967752533396203179e-02
2.699999999999999734e+00 1.024738821138187622e-01
2.759999999999999787e+00 1.945172170335242312e-01
2.819999999999999840e+00 3.413935877022789001e-01
2.879999999999999893e+00 5.474533084136572469e-01
2.939999999999999947e+00 8.116040033023160793e-01
3.000000000000000000e+00 1.094121160617877342e+00
3.060000000000000053e+00 1.351513303815791822e+00
3.120000000000000107e+00 1.538032215359700361e+00
3.179999999999999716e+00 1.612767571829277991e+00
3.239999999999999769e+00 1.583678666709273486e+00
3.299999999999999822e+00 1.481421385413385972e+00
3.359999999999999876e+00 1.351364064605822257e+00
3.419999999999999929e+00 1.229726451188361214e+00
3.479999999999999982e+00 1.131884667320883553e+00
3.540000000000000036e+00 1.067079782948506583e+00
3.599999999999999645e+00 1.017629766516256362e+00
3.659999999999999698e+00 9.764707318281129478e-01
3.719999999999999751e+00 9.230737288456417611e-01
3.779999999999999805e+00 8.610690967435101761e-01
3.839999999999999858e+00 8.074703924265548283e-01
3.899999999999999911e+00 7.604350130116439566e-01
3.959999999999999964e+00 7.388246429553935180e-01
4.019999999999999574e+00 7.487676862500063368e-01
4.080000000000000071e+00 7.844977373107384633e-01
4.139999999999999680e+00 8.540747819668486063e-01
4.200000000000000178e+00 9.420214324084041912e-01
4.259999999999999787e+00 1.046494122592704468e+00
4.320000000000000284e+00 1.159324136488554480e+00
4.379999999999999893e+00 1.267835603725179672e+00
4.439999999999999503e+00 1.361315552891255498e+00
4.500000000000000000e+00 1.432167545710611112e+00
4.559999999999999609e+00 1.470192528301244916e+00
4.620000000000000107e+00 1.476850546643146744e+00
4.679999999999999716e+00 1.455743970695881018e+00
4.740000000000000213e+00 1.414655037185052588e+00
4.799999999999999822e+00 1.358847614928730296e+00
4.859999999999999432e+00 1.297916158582170132e+00
4.919999999999999929e+00 1.234391549363275331e+00
4.979999999999999538e+00 1.180318957100183308e+00
5.040000000000000036e+00 1.135226699361984615e+00
5.099999999999999645e+00 1.099907009668345870e+00
5.160000000000000142e+00 1.071452074986325664e+00
5.219999999999999751e+00 1.050906834294098369e+00
5.279999999999999361e+00 1.036943399910427166e+00
5.339999999999999858e+00 1.025081385678294765e+00
5.399999999999999467e+00 1.013951307295005710e+00
5.459999999999999964e+00 1.005309236987625088e+00
5.519999999999999574e+00 9.961226403168971233e-01
5.580000000000000071e+00 9.905543556499707414e-01
5.639999999999999680e+00 9.878744598021755863e-01
5.700000000000000178e+00 9.855802287303805365e-01
5.759999999999999787e+00 9.818408000634648580e-01
5.819999999999999396e+00 9.730536518114472067e-01
5.879999999999999893e+00 9.590289750464644492e-01
5.939999999999999503e+00 9.360688802787799911e-01
