0.000000000000000000e+00 0.000000000000000000e+00
5.999999999999999778e-02 0.000000000000000000e+00
1.199999999999999956e-01 0.000000000000000000e+00
1.799999999999999933e-01 0.000000000000000000e+00
2.399999999999999911e-01 0.000000000000000000e+00
2.999999999999999889e-01 0.000000000000000000e+00
3.599999999999999867e-01 0.000000000000000000e+00
4.199999999999999845e-01 0.000000000000000000e+00
4.799999999999999822e-01 0.000000000000000000e+00
5.400000000000000355e-01 0.000000000000000000e+00
5.999999999999999778e-01 0.000000000000000000e+00
6.599999999999999201e-01 5.327099600217726204e-05
7.199999999999999734e-01 1.425489036173065507e-02
7.800000000000000266e-01 4.994808316276942439e-01
8.399999999999999689e-01 3.988920729194476156e+00
8.999999999999999112e-01 1.061740331376313762e+01
9.599999999999999645e-01 1.247115155099264427e+01
1.020000000000000018e+00 7.968404192887425630e+00
1.080000000000000071e+00 3.221986626120037833e+00
1.139999999999999902e+00 9.401851014996479572e-01
1.199999999999999956e+00 2.196354257637311291e-01
1.260000000000000009e+00 5.797421241714520446e-02
1.319999999999999840e+00 5.302965627008544847e-02
1.379999999999999893e+00 1.136875402045336575e-01
1.439999999999999947e+00 2.393187635189197304e-01
1.500000000000000000e+00 4.426011557912187255e-01
1.560000000000000053e+00 6.994413174181722814e-01
1.619999999999999885e+00 9.610783336599154625e-01
1.679999999999999938e+00 1.151767776006378474e+00
1.739999999999999991e+00 1.219170510368619675e+00
1.799999999999999822e+00 1.166176130315626613e+00
1.859999999999999876e+00 1.024336784034084236e+00
1.919999999999999929e+00 8.476213179137240816e-01
1.979999999999999982e+00 6.784108074019288281e-01
2.040000000000000036e+00 5.278869609157632592e-01
2.100000000000000089e+00 4.079416046255905925e-01
2.160000000000000142e+00 3.156335266078680868e-01
2.219999999999999751e+00 2.500787099584904083e-01
2.279999999999999805e+00 2.070069845192940849e-01
2.339999999999999858e+00 1.808821374068416976e-01
2.399999999999999911e+00 1.706540977612645282e-01
2.459999999999999964e+00 1.756552811223578425e-01
2.520000000000000018e+00 1.966631604008383938e-01
2.580000000000000071e+00 2.365432618700484546e-01
2.639999999999999680e+00 3.009159250505722416e-01
2.699999999999999734e+00 3.907661569375062149e-01
2.759999999999999787e+00 5.119094966330723917e-01
2.819999999999999840e+00 6.655856755728497554e-01
2.879999999999999893e+00 8.392105435562124960e-01
2.939999999999999947e+00 1.024666158597639098e+00
3.000000000000000000e+00 1.202604307249204751e+00
3.060000000000000053e+00 1.355819991733397512e+00
3.120000000000000107e+00 1.470847907063137949e+00
3.179999999999999716e+00 1.536747073135381392e+00
3.239999999999999769e+00 1.551544368916271122e+00
3.299999999999999822e+00 1.528898304348975223e+00
3.359999999999999876e+00 1.476839819856582858e+00
3.419999999999999929e+00 1.405093846252110534e+00
3.479999999999999982e+00 1.331651777789190971e+00
3.540000000000000036e+00 1.261020374565684499e+00
3.599999999999999645e+00 1.197218974147178594e+00
3.659999999999999698e+00 1.142884503617195513e+00
3.719999999999999751e+00 1.098925175276366906e+00
3.779999999999999805e+00 1.064731932395457381e+00
3.839999999999999858e+00 1.036743210278532112e+00
3.899999999999999911e+00 1.014567277546058355e+00
3.959999999999999964e+00 9.964059255187317499e-01
4.019999999999999574e+00 9.833909389202295515e-01
4.080000000000000071e+00 9.746532547288704329e-01
4.139999999999999680e+00 9.688478541627397744e-01
4.200000000000000178e+00 9.639432931103305568e-01
4.259999999999999787e+00 9.614150396819647337e-01
4.320000000000000284e+00 9.572613029788974437e-01
4.379999999999999893e+00 9.588421126128174876e-01
4.439999999999999503e+00 9.643062410767950787e-01
4.500000000000000000e+00 9.649131974920519550e-01
4.559999999999999609e+00 9.693171368843765956e-01
4.620000000000000107e+00 9.743196772441483633e-01
4.679999999999999716e+00 9.809058517670097288e-01
4.740000000000000213e+00 9.854618960311529730e-01
4.799999999999999822e+00 9.928233066875761237e-01
4.859999999999999432e+00 9.999544254799933585e-01
4.919999999999999929e+00 1.005213829083140276e+00
4.979999999999999538e+00 1.011077285284159633e+00
5.040000000000000036e+00 1.016630589539299967e+00
5.099999999999999645e+00 1.020730623854399166e+00
5.160000000000000142e+00 1.022088462268915032e+00
5.219999999999999751e+00 1.020219059020762931e+00
5.279999999999999361e+00 1.016710493439939356e+00
5.339999999999999858e+00 1.010456491718938254e+00
5.399999999999999467e+00 1.003194684971530748e+00
5.459999999999999964e+00 9.946422225229781811e-01
5.519999999999999574e+00 9.870782448796552311e-01
5.580000000000000071e+00 9.799845652963961040e-01
5.639999999999999680e+00 9.739474512523134120e-01
5.700000000000000178e+00 9.696700985298069009e-01
5.759999999999999787e+00 9.663603244724124908e-01
5.819999999999999396e+00 9.636627774216801612e-01
5.879999999999999893e+00 9.627386442159796553e-01
5.939999999999999503e+00 9.603729816546656695e-01
