0.000000000000000000e+00 0.000000000000000000e+00
5.999999999999999778e-02 0.000000000000000000e+00
1.199999999999999956e-01 0.000000000000000000e+00
1.799999999999999933e-01 0.000000000000000000e+00
2.399999999999999911e-01 0.000000000000000000e+00
2.999999999999999889e-01 0.000000000000000000e+00
3.599999999999999867e-01 0.000000000000000000e+00
4.199999999999999845e-01 0.000000000000000000e+00
4.799999999999999822e-01 0.000000000000000000e+00
5.400000000000000355e-01 0.000000000000000000e+00
5.999999999999999778e-01 0.000000000000000000e+00
6.599999999999999201e-01 0.000000000000000000e+00
7.199999999999999734e-01 0.000000000000000000e+00
7.800000000000000266e-01 0.000000000000000000e+00
8.399999999999999689e-01 0.000000000000000000e+00
8.999999999999999112e-01 0.000000000000000000e+00
9.599999999999999645e-01 0.000000000000000000e+00
1.020000000000000018e+00 0.000000000000000000e+00
1.080000000000000071e+00 0.000000000000000000e+00
1.139999999999999902e+00 0.000000000000000000e+00
1.199999999999999956e+00 0.000000000000000000e+00
1.260000000000000009e+00 0.000000000000000000e+00
1.319999999999999840e+00 0.000000000000000000e+00
1.379999999999999893e+00 0.000000000000000000e+00
1.439999999999999947e+00 0.000000000000000000e+00
1.500000000000000000e+00 0.000000000000000000e+00
1.560000000000000053e+00 0.000000000000000000e+00
1.619999999999999885e+00 0.000000000000000000e+00
1.679999999999999938e+00 0.000000000000000000e+00
1.739999999999999991e+00 0.000000000000000000e+00
1.799999999999999822e+00 0.000000000000000000e+00
1.859999999999999876e+00 0.000000000000000000e+00
1.919999999999999929e+00 0.000000000000000000e+00
1.979999999999999982e+00 0.000000000000000000e+00
2.040000000000000036e+00 0.000000000000000000e+00
2.100000000000000089e+00 0.000000000000000000e+00
2.160000000000000142e+00 9.110120075131416639e-06
2.219999999999999751e+00 2.108513842332602442e-04
2.279999999999999805e+00 3.196338856898894246e-03
2.339999999999999858e+00 2.432509746070977280e-02
2.399999999999999911e+00 1.273104149481631975e-01
2.459999999999999964e+00 4.401368787375646296e-01
2.520000000000000018e+00 1.029859352031544439e+00
2.580000000000000071e+00 1.788219399553687472e+00
2.639999999999999680e+00 2.395115854263138999e+00
2.699999999999999734e+00 2.614663976358443165e+00
2.759999999999999787e+00 2.464141224865167956e+00
2.819999999999999840e+00 2.086320739831503346e+00
2.879999999999999893e+00 1.698190778717029392e+00
2.939999999999999947e+00 1.377099438072692417e+00
3.000000000000000000e+00 1.103264107630177682e+00
3.060000000000000053e+00 9.099742588566452905e-01
3.120000000000000107e+00 7.942039820828958874e-01
3.179999999999999716e+00 7.450579712058111870e-01
3.239999999999999769e+00 7.258641093013090684e-01
3.299999999999999822e+00 7.231929606411527933e-01
3.359999999999999876e+00 7.313672861360929200e-01
3.419999999999999929e+00 7.491024512935279267e-01
3.479999999999999982e+00 7.852596734309473803e-01
3.540000000000000036e+00 8.263583704521271223e-01
3.599999999999999645e+00 8.710967613528740605e-01
3.659999999999999698e+00 9.085148282203666659e-01
3.719999999999999751e+00 9.395733082813959580e-01
3.779999999999999805e+00 9.666055427012858470e-01
3.839999999999999858e+00 9.889862613650377554e-01
3.899999999999999911e+00 1.033827451541547537e+00
3.959999999999999964e+00 1.073877041988610781e+00
4.019999999999999574e+00 1.116645187879525380e+00
4.080000000000000071e+00 1.146174993151250820e+00
4.139999999999999680e+00 1.171119950973287471e+00
4.200000000000000178e+00 1.191905283012549388e+00
4.259999999999999787e+00 1.218663614790202576e+00
4.320000000000000284e+00 1.260887557261790581e+00
4.379999999999999893e+00 1.253828991660829839e+00
4.439999999999999503e+00 1.235911637396125418e+00
4.500000000000000000e+00 1.215733761609366193e+00
4.559999999999999609e+00 1.195657478972748100e+00
4.620000000000000107e+00 1.173694209741216632e+00
4.679999999999999716e+00 1.152519380587635478e+00
4.740000000000000213e+00 1.107386540973416489e+00
4.799999999999999822e+00 1.072816478500392634e+00
4.859999999999999432e+00 1.042481393550857893e+00
4.919999999999999929e+00 1.008486131272012365e+00
4.979999999999999538e+00 9.652146211586294378e-01
5.040000000000000036e+00 9.318467907564490504e-01
5.099999999999999645e+00 9.058559563358588029e-01
5.160000000000000142e+00 8.855608348411538877e-01
5.219999999999999751e+00 8.582903862120395688e-01
5.279999999999999361e+00 8.415684941356179616e-01
5.339999999999999858e+00 8.361685496398617579e-01
5.399999999999999467e+00 8.314282803871263505e-01
5.459999999999999964e+00 8.319108894789503106e-01
5.519999999999999574e+00 8.342397419880244192e-01
5.580000000000000071e+00 8.485935140861058379e-01
5.639999999999999680e+00 8.523321860844065290e-01
5.700000000000000178e+00 8.542441013520252202e-01
5.759999999999999787e+00 8.773883604380277035e-01
5.819999999999999396e+00 9.073711198430920444e-01
5.879999999999999893e+00 9.357813944920541083e-01
5.939999999999999503e+00 9.556009804358485127e-01
