0.000000000000000000e+00 0.000000000000000000e+00
5.999999999999999778e-02 0.000000000000000000e+00
1.199999999999999956e-01 0.000000000000000000e+00
1.799999999999999933e-01 0.000000000000000000e+00
2.399999999999999911e-01 0.000000000000000000e+00
2.999999999999999889e-01 0.000000000000000000e+00
3.599999999999999867e-01 0.000000000000000000e+00
4.199999999999999845e-01 0.000000000000000000e+00
4.799999999999999822e-01 0.000000000000000000e+00
5.400000000000000355e-01 0.000000000000000000e+00
5.999999999999999778e-01 0.000000000000000000e+00
6.599999999999999201e-01 0.000000000000000000e+00
7.199999999999999734e-01 0.000000000000000000e+00
7.800000000000000266e-01 0.000000000000000000e+00
8.399999999999999689e-01 0.000000000000000000e+00
8.999999999999999112e-01 0.000000000000000000e+00
9.599999999999999645e-01 3.709599298072033691e-05
1.020000000000000018e+00 2.421191765005610780e-04
1.080000000000000071e+00 1.689686583627000166e-03
1.139999999999999902e+00 8.614364619963139208e-03
1.199999999999999956e+00 3.794289083502070531e-02
1.260000000000000009e+00 1.265038129102680486e-01
1.319999999999999840e+00 3.293404113769467512e-01
1.379999999999999893e+00 6.835584028540374613e-01
1.439999999999999947e+00 1.118477142520019063e+00
1.500000000000000000e+00 1.441661287353680709e+00
1.560000000000000053e+00 1.483008536470588723e+00
1.619999999999999885e+00 1.234429095433770218e+00
1.679999999999999938e+00 8.560962321561512711e-01
1.739999999999999991e+00 5.453945939371034335e-01
1.799999999999999822e+00 3.956411631173613608e-01
1.859999999999999876e+00 3.975940191428573578e-01
1.919999999999999929e+00 5.030087332740128536e-01
1.979999999999999982e+00 6.649095007444050243e-01
2.040000000000000036e+00 8.467790930537738570e-01
2.100000000000000089e+00 1.018895786629288036e+00
2.160000000000000142e+00 1.165255906476405645e+00
2.219999999999999751e+00 1.262103126272282827e+00
2.279999999999999805e+00 1.302423807599951022e+00
2.339999999999999858e+00 1.286376873336201765e+00
2.399999999999999911e+00 1.231727904042842381e+00
2.459999999999999964e+00 1.146794711486516238e+00
2.520000000000000018e+00 1.047370301786045177e+00
2.580000000000000071e+00 9.460022648611539076e-01
2.639999999999999680e+00 8.558326133498703747e-01
2.699999999999999734e+00 7.853642092427420840e-01
2.759999999999999787e+00 7.352439878951778640e-01
2.819999999999999840e+00 7.047628184409151508e-01
2.879999999999999893e+00 6.929897341547633927e-01
2.939999999999999947e+00 6.950081893289040691e-01
3.000000000000000000e+00 7.115067237803264222e-01
3.060000000000000053e+00 7.370944854754495346e-01
3.120000000000000107e+00 7.694899592574870884e-01
3.179999999999999716e+00 8.103789644897105848e-01
3.239999999999999769e+00 8.545342890774744182e-01
3.299999999999999822e+00 9.025803993980926476e-01
3.359999999999999876e+00 9.529918835376702813e-01
3.419999999999999929e+00 1.007622898673460110e+00
3.479999999999999982e+00 1.056798471673753737e+00
3.540000000000000036e+00 1.105633529485825051e+00
3.599999999999999645e+00 1.145710402933378225e+00
3.659999999999999698e+00 1.174876751440495415e+00
3.719999999999999751e+00 1.192981590096105826e+00
3.779999999999999805e+00 1.200337737719297193e+00
3.839999999999999858e+00 1.194594532703569634e+00
3.899999999999999911e+00 1.182247970860160757e+00
3.959999999999999964e+00 1.162693494920408410e+00
4.019999999999999574e+00 1.142635603453391546e+00
4.080000000000000071e+00 1.119557628224714385e+00
4.139999999999999680e+00 1.098737337317849949e+00
4.200000000000000178e+00 1.080622178889936391e+00
4.259999999999999787e+00 1.063742398596534633e+00
4.320000000000000284e+00 1.050921138058658721e+00
4.379999999999999893e+00 1.039517363020607155e+00
4.439999999999999503e+00 1.027189344221841161e+00
4.500000000000000000e+00 1.017702182644677267e+00
4.559999999999999609e+00 1.007761166991382407e+00
4.620000000000000107e+00 9.984413314728048938e-01
4.679999999999999716e+00 9.910391436229796236e-01
4.740000000000000213e+00 9.848331528812324098e-01
4.799999999999999822e+00 9.796859261092466520e-01
4.859999999999999432e+00 9.760954193924289424e-01
4.919999999999999929e+00 9.727158642503217489e-01
4.979999999999999538e+00 9.708223468960345270e-01
5.040000000000000036e+00 9.692955235583355922e-01
5.099999999999999645e+00 9.678634287753928866e-01
5.160000000000000142e+00 9.665488780985816986e-01
5.219999999999999751e+00 9.661822307227547757e-01
5.279999999999999361e+00 9.645612544462121019e-01
5.339999999999999858e+00 9.651443102223676851e-01
5.399999999999999467e+00 9.666474627961161303e-01
5.459999999999999964e+00 9.685235216279529658e-01
5.519999999999999574e+00 9.718414785599714945e-01
5.580000000000000071e+00 9.747213578355055086e-01
5.639999999999999680e+00 9.789875401632914809e-01
5.700000000000000178e+00 9.827368960756379668e-01
5.759999999999999787e+00 9.853908446113652797e-01
5.819999999999999396e+00 9.873941503999318359e-01
5.879999999999999893e+00 9.897267267044276284e-01
5.939999999999999503e+00 9.909575575496325506e-01
