0.000000000000000000e+00 0.000000000000000000e+00
5.999999999999999778e-02 0.000000000000000000e+00
1.199999999999999956e-01 0.000000000000000000e+00
1.799999999999999933e-01 0.000000000000000000e+00
2.399999999999999911e-01 0.000000000000000000e+00
2.999999999999999889e-01 0.000000000000000000e+00
3.599999999999999867e-01 0.000000000000000000e+00
4.199999999999999845e-01 0.000000000000000000e+00
4.799999999999999822e-01 0.000000000000000000e+00
5.400000000000000355e-01 0.000000000000000000e+00
5.999999999999999778e-01 0.000000000000000000e+00
6.599999999999999201e-01 0.000000000000000000e+00
7.199999999999999734e-01 0.000000000000000000e+00
7.800000000000000266e-01 0.000000000000000000e+00
8.399999999999999689e-01 0.000000000000000000e+00
8.999999999999999112e-01 0.000000000000000000e+00
9.599999999999999645e-01 0.000000000000000000e+00
1.020000000000000018e+00 0.000000000000000000e+00
1.080000000000000071e+00 0.000000000000000000e+00
1.139999999999999902e+00 0.000000000000000000e+00
1.199999999999999956e+00 0.000000000000000000e+00
1.260000000000000009e+00 0.000000000000000000e+00
1.319999999999999840e+00 0.000000000000000000e+00
1.379999999999999893e+00 0.000000000000000000e+00
1.439999999999999947e+00 0.000000000000000000e+00
1.500000000000000000e+00 0.000000000000000000e+00
1.560000000000000053e+00 0.000000000000000000e+00
1.619999999999999885e+00 0.000000000000000000e+00
1.679999999999999938e+00 0.000000000000000000e+00
1.739999999999999991e+00 0.000000000000000000e+00
1.799999999999999822e+00 0.000000000000000000e+00
1.859999999999999876e+00 0.000000000000000000e+00
1.919999999999999929e+00 0.000000000000000000e+00
1.979999999999999982e+00 0.000000000000000000e+00
2.040000000000000036e+00 0.000000000000000000e+00
2.100000000000000089e+00 0.000000000000000000e+00
2.160000000000000142e+00 0.000000000000000000e+00
2.219999999999999751e+00 0.000000000000000000e+00
2.279999999999999805e+00 0.000000000000000000e+00
2.339999999999999858e+00 6.587196076170535614e-04
2.399999999999999911e+00 3.024595502530683100e-02
2.459999999999999964e+00 3.302631305025152675e-01
2.520000000000000018e+00 1.468158707439994215e+00
2.580000000000000071e+00 3.521598725139359232e+00
2.639999999999999680e+00 5.054293991553584497e+00
2.699999999999999734e+00 4.774409315014062294e+00
2.759999999999999787e+00 3.294163810473267340e+00
2.819999999999999840e+00 1.810691817720464281e+00
2.879999999999999893e+00 8.897483786066272549e-01
2.939999999999999947e+00 3.806199247070672365e-01
3.000000000000000000e+00 1.570062012051721967e-01
3.060000000000000053e+00 6.035722290538809293e-02
3.120000000000000107e+00 2.161788215131003194e-02
3.179999999999999716e+00 1.137473618736056617e-02
3.239999999999999769e+00 5.341659029795442493e-03
3.299999999999999822e+00 2.351480823680968894e-03
3.359999999999999876e+00 3.707658095102685670e-03
3.419999999999999929e+00 3.522229136409320022e-03
3.479999999999999982e+00 5.198575554240018014e-03
3.540000000000000036e+00 1.377741988156542738e-02
3.599999999999999645e+00 1.980804038784459917e-02
3.659999999999999698e+00 3.196568162004537195e-02
3.719999999999999751e+00 6.352002176421189805e-02
3.779999999999999805e+00 1.062462861337888226e-01
3.839999999999999858e+00 1.873522417410830587e-01
3.899999999999999911e+00 3.115317090528043620e-01
3.959999999999999964e+00 5.023969088558748464e-01
4.019999999999999574e+00 7.802867506698210054e-01
4.080000000000000071e+00 1.127573681828462959e+00
4.139999999999999680e+00 1.541322003643104788e+00
4.200000000000000178e+00 1.992603898056330092e+00
4.259999999999999787e+00 2.392221361456574158e+00
4.320000000000000284e+00 2.760731555383534097e+00
4.379999999999999893e+00 2.962919712079185253e+00
4.439999999999999503e+00 2.827706154866536092e+00
4.500000000000000000e+00 2.579910606910099879e+00
4.559999999999999609e+00 2.209102051842851022e+00
4.620000000000000107e+00 1.802440549025142724e+00
4.679999999999999716e+00 1.453098029841886296e+00
4.740000000000000213e+00 1.191557544356356635e+00
4.799999999999999822e+00 1.020728610790875068e+00
4.859999999999999432e+00 1.004588872387927045e+00
4.919999999999999929e+00 1.046518548624346678e+00
4.979999999999999538e+00 1.105283584097835003e+00
5.040000000000000036e+00 1.184503881589795693e+00
5.099999999999999645e+00 1.260445544257677852e+00
5.160000000000000142e+00 1.272863873446345773e+00
5.219999999999999751e+00 1.178460842884576421e+00
5.279999999999999361e+00 1.058011080726184661e+00
5.339999999999999858e+00 9.074846186850271668e-01
5.399999999999999467e+00 7.585066474705298711e-01
5.459999999999999964e+00 5.940314482465715029e-01
5.519999999999999574e+00 4.612904108092981681e-01
5.580000000000000071e+00 3.485971460838465652e-01
5.639999999999999680e+00 2.967558535703089806e-01
5.700000000000000178e+00 2.880363281972189160e-01
5.759999999999999787e+00 3.163849724064113911e-01
5.819999999999999396e+00 3.848228157944946770e-01
5.879999999999999893e+00 4.842717519458236142e-01
5.939999999999999503e+00 5.895304700696153422e-01
