0.000000000000000000e+00 0.000000000000000000e+00
5.999999999999999778e-02 0.000000000000000000e+00
1.199999999999999956e-01 0.000000000000000000e+00
1.799999999999999933e-01 0.000000000000000000e+00
2.399999999999999911e-01 0.000000000000000000e+00
2.999999999999999889e-01 0.000000000000000000e+00
3.599999999999999867e-01 0.000000000000000000e+00
4.199999999999999845e-01 0.000000000000000000e+00
4.799999999999999822e-01 0.000000000000000000e+00
5.400000000000000355e-01 0.000000000000000000e+00
5.999999999999999778e-01 0.000000000000000000e+00
6.599999999999999201e-01 0.000000000000000000e+00
7.199999999999999734e-01 0.000000000000000000e+00
7.800000000000000266e-01 0.000000000000000000e+00
8.399999999999999689e-01 5.278133919984940182e-04
8.999999999999999112e-01 5.499326949401028841e+00
9.599999999999999645e-01 3.213987030821525082e+01
1.020000000000000018e+00 3.601536879916935163e+00
1.080000000000000071e+00 1.315547704191444810e-02
1.139999999999999902e+00 0.000000000000000000e+00
1.199999999999999956e+00 0.000000000000000000e+00
1.260000000000000009e+00 0.000000000000000000e+00
1.319999999999999840e+00 5.580241186022718387e-04
1.379999999999999893e+00 1.084460909212427854e-02
1.439999999999999947e+00 9.811034685783298626e-02
1.500000000000000000e+00 4.885105939176140333e-01
1.560000000000000053e+00 1.371950457969728365e+00
1.619999999999999885e+00 2.457122540774957731e+00
1.679999999999999938e+00 2.910017662659315274e+00
1.739999999999999991e+00 2.505753020677096377e+00
1.799999999999999822e+00 1.698620742784862303e+00
1.859999999999999876e+00 9.418840633431455611e-01
1.919999999999999929e+00 4.757804685183629201e-01
1.979999999999999982e+00 2.078238827235006914e-01
2.040000000000000036e+00 8.810160874564249012e-02
2.100000000000000089e+00 3.527658334169931492e-02
2.160000000000000142e+00 1.364798976961915065e-02
2.219999999999999751e+00 6.177136842577432910e-03
2.279999999999999805e+00 2.363596048310059004e-03
2.339999999999999858e+00 6.445743279377648058e-04
2.399999999999999911e+00 3.593607669817481067e-04
2.459999999999999964e+00 3.189769965528568949e-04
2.520000000000000018e+00 1.101819258492868524e-04
2.580000000000000071e+00 7.477927809003373939e-04
2.639999999999999680e+00 2.993809899146276151e-03
2.699999999999999734e+00 1.214003136772625474e-02
2.759999999999999787e+00 4.298425796851099157e-02
2.819999999999999840e+00 1.357647956761970365e-01
2.879999999999999893e+00 3.413755348411780521e-01
2.939999999999999947e+00 7.195817555181871494e-01
3.000000000000000000e+00 1.254765683470082216e+00
3.060000000000000053e+00 1.794174566094366430e+00
3.120000000000000107e+00 2.125013923538953353e+00
3.179999999999999716e+00 2.059637368485661479e+00
3.239999999999999769e+00 1.719140195189056586e+00
3.299999999999999822e+00 1.341148189106406541e+00
3.359999999999999876e+00 1.072645999532408689e+00
3.419999999999999929e+00 9.585635412695665547e-01
3.479999999999999982e+00 9.837781723308165471e-01
3.540000000000000036e+00 1.058888142629250462e+00
3.599999999999999645e+00 1.133016867094211788e+00
3.659999999999999698e+00 1.098492711036403113e+00
3.719999999999999751e+00 9.846263779923255521e-01
3.779999999999999805e+00 8.507098784889768339e-01
3.839999999999999858e+00 7.118389191003104965e-01
3.899999999999999911e+00 6.074228161137050774e-01
3.959999999999999964e+00 5.525256522928063685e-01
4.019999999999999574e+00 5.578173035444781158e-01
4.080000000000000071e+00 6.229855483047354037e-01
4.139999999999999680e+00 7.363594647287166062e-01
4.200000000000000178e+00 8.948710952115359607e-01
4.259999999999999787e+00 1.069207419486204680e+00
4.320000000000000284e+00 1.241267385782794497e+00
4.379999999999999893e+00 1.410260028949104072e+00
4.439999999999999503e+00 1.560982238121495058e+00
4.500000000000000000e+00 1.671483938781711975e+00
4.559999999999999609e+00 1.677855982573720706e+00
4.620000000000000107e+00 1.650188867782249380e+00
4.679999999999999716e+00 1.590996056604233821e+00
4.740000000000000213e+00 1.493241179309265476e+00
4.799999999999999822e+00 1.353415858852000886e+00
4.859999999999999432e+00 1.237149840396117417e+00
4.919999999999999929e+00 1.142965724559755092e+00
4.979999999999999538e+00 1.076924581661970137e+00
5.040000000000000036e+00 1.035937506866229985e+00
5.099999999999999645e+00 1.021954366915252210e+00
5.160000000000000142e+00 1.026574120947667312e+00
5.219999999999999751e+00 1.038339518348351032e+00
5.279999999999999361e+00 1.029642402229455689e+00
5.339999999999999858e+00 1.019143863737980826e+00
5.399999999999999467e+00 1.015402430831571001e+00
5.459999999999999964e+00 9.908890593086707721e-01
5.519999999999999574e+00 9.789646840198139577e-01
5.580000000000000071e+00 9.606609089583560968e-01
5.639999999999999680e+00 9.673239354323482919e-01
5.700000000000000178e+00 9.863239650927110302e-01
5.759999999999999787e+00 9.885601429877456381e-01
5.819999999999999396e+00 9.949443807929710948e-01
5.879999999999999893e+00 9.887664835368005223e-01
5.939999999999999503e+00 9.712903346660737292e-01
