0.000000000000000000e+00 0.000000000000000000e+00
5.999999999999999778e-02 0.000000000000000000e+00
1.199999999999999956e-01 0.000000000000000000e+00
1.799999999999999933e-01 0.000000000000000000e+00
2.399999999999999911e-01 0.000000000000000000e+00
2.999999999999999889e-01 0.000000000000000000e+00
3.599999999999999867e-01 0.000000000000000000e+00
4.199999999999999845e-01 0.000000000000000000e+00
4.799999999999999822e-01 0.000000000000000000e+00
5.400000000000000355e-01 0.000000000000000000e+00
5.999999999999999778e-01 0.000000000000000000e+00
6.599999999999999201e-01 0.000000000000000000e+00
7.199999999999999734e-01 0.000000000000000000e+00
7.800000000000000266e-01 0.000000000000000000e+00
8.399999999999999689e-01 0.000000000000000000e+00
8.999999999999999112e-01 0.000000000000000000e+00
9.599999999999999645e-01 0.000000000000000000e+00
1.020000000000000018e+00 0.000000000000000000e+00
1.080000000000000071e+00 0.000000000000000000e+00
1.139999999999999902e+00 0.000000000000000000e+00
1.199999999999999956e+00 0.000000000000000000e+00
1.260000000000000009e+00 0.000000000000000000e+00
1.319999999999999840e+00 3.419316916563244074e-04
1.379999999999999893e+00 2.187298057301560045e-02
1.439999999999999947e+00 4.206239440253291550e-01
1.500000000000000000e+00 2.354220541643460507e+00
1.560000000000000053e+00 3.566737812539621633e+00
1.619999999999999885e+00 1.502155311298600582e+00
1.679999999999999938e+00 1.834910207917470337e-01
1.739999999999999991e+00 7.913951494478582011e-03
1.799999999999999822e+00 1.159408066029782303e-02
1.859999999999999876e+00 5.210351428143760594e-02
1.919999999999999929e+00 1.814771678600639593e-01
1.979999999999999982e+00 4.849159969906469136e-01
2.040000000000000036e+00 1.046354317081883645e+00
2.100000000000000089e+00 1.783911548681877068e+00
2.160000000000000142e+00 2.455290956382506273e+00
2.219999999999999751e+00 2.822302038891876030e+00
2.279999999999999805e+00 2.475318255893433683e+00
2.339999999999999858e+00 1.903610534614478267e+00
2.399999999999999911e+00 1.262030376426470868e+00
2.459999999999999964e+00 7.801783780978158722e-01
2.520000000000000018e+00 4.872944393531624119e-01
2.580000000000000071e+00 3.602848011044067489e-01
2.639999999999999680e+00 3.205660384849225442e-01
2.699999999999999734e+00 3.231999238544647213e-01
2.759999999999999787e+00 3.275518913726173098e-01
2.819999999999999840e+00 3.013854104371354037e-01
2.879999999999999893e+00 2.645518778748998656e-01
2.939999999999999947e+00 2.186259980073222975e-01
3.000000000000000000e+00 1.827495921785433353e-01
3.060000000000000053e+00 1.718405159742506239e-01
3.120000000000000107e+00 1.980273022382137427e-01
3.179999999999999716e+00 2.691247526328860995e-01
3.239999999999999769e+00 3.747184860571921572e-01
3.299999999999999822e+00 5.160849355385835890e-01
3.359999999999999876e+00 6.647306648164509335e-01
3.419999999999999929e+00 8.253104999133333841e-01
3.479999999999999982e+00 9.481377313119269123e-01
3.540000000000000036e+00 1.060952000259094197e+00
3.599999999999999645e+00 1.181834046137098859e+00
3.659999999999999698e+00 1.307481352049336465e+00
3.719999999999999751e+00 1.417551003057880177e+00
3.779999999999999805e+00 1.493235081816597587e+00
3.839999999999999858e+00 1.539202688703562805e+00
3.899999999999999911e+00 1.476895087550526897e+00
3.959999999999999964e+00 1.418787720876970360e+00
4.019999999999999574e+00 1.369226581446412183e+00
4.080000000000000071e+00 1.354508363202648669e+00
4.139999999999999680e+00 1.370231330730947716e+00
4.200000000000000178e+00 1.384964130140249328e+00
4.259999999999999787e+00 1.358647101982459970e+00
4.320000000000000284e+00 1.347387707861614548e+00
4.379999999999999893e+00 1.321193380218714575e+00
4.439999999999999503e+00 1.209903663453913758e+00
4.500000000000000000e+00 1.110635169618900076e+00
4.559999999999999609e+00 1.015278418376108327e+00
4.620000000000000107e+00 9.449328048137488612e-01
4.679999999999999716e+00 8.968400062094906700e-01
4.740000000000000213e+00 8.690305758100116407e-01
4.799999999999999822e+00 8.734185251159541918e-01
4.859999999999999432e+00 8.994363822314346280e-01
4.919999999999999929e+00 9.455507526427785470e-01
4.979999999999999538e+00 9.822804698664491241e-01
5.040000000000000036e+00 1.021956880116643207e+00
5.099999999999999645e+00 1.059630093551915397e+00
5.160000000000000142e+00 1.095404237570455797e+00
5.219999999999999751e+00 1.121190958982174690e+00
5.279999999999999361e+00 1.135095571362691125e+00
5.339999999999999858e+00 1.138690475997524709e+00
5.399999999999999467e+00 1.136452506382362060e+00
5.459999999999999964e+00 1.122072093207446386e+00
5.519999999999999574e+00 1.104907218628520482e+00
5.580000000000000071e+00 1.075731195871999502e+00
5.639999999999999680e+00 1.030098388533775111e+00
5.700000000000000178e+00 1.001215223258300480e+00
5.759999999999999787e+00 9.749060021461627423e-01
5.819999999999999396e+00 9.551839528536918422e-01
5.879999999999999893e+00 9.289331297799692244e-01
5.939999999999999503e+00 9.108828961659981571e-01
