0.000000000000000000e+00 0.000000000000000000e+00
5.999999999999999778e-02 0.000000000000000000e+00
1.199999999999999956e-01 0.000000000000000000e+00
1.799999999999999933e-01 0.000000000000000000e+00
2.399999999999999911e-01 0.000000000000000000e+00
2.999999999999999889e-01 0.000000000000000000e+00
3.599999999999999867e-01 0.000000000000000000e+00
4.199999999999999845e-01 0.000000000000000000e+00
4.799999999999999822e-01 0.000000000000000000e+00
5.400000000000000355e-01 0.000000000000000000e+00
5.999999999999999778e-01 0.000000000000000000e+00
6.599999999999999201e-01 0.000000000000000000e+00
7.199999999999999734e-01 0.000000000000000000e+00
7.800000000000000266e-01 0.000000000000000000e+00
8.399999999999999689e-01 0.000000000000000000e+00
8.999999999999999112e-01 0.000000000000000000e+00
9.599999999999999645e-01 0.000000000000000000e+00
1.020000000000000018e+00 0.000000000000000000e+00
1.080000000000000071e+00 0.000000000000000000e+00
1.139999999999999902e+00 0.000000000000000000e+00
1.199999999999999956e+00 0.000000000000000000e+00
1.260000000000000009e+00 0.000000000000000000e+00
1.319999999999999840e+00 0.000000000000000000e+00
1.379999999999999893e+00 0.000000000000000000e+00
1.439999999999999947e+00 0.000000000000000000e+00
1.500000000000000000e+00 0.000000000000000000e+00
1.560000000000000053e+00 0.000000000000000000e+00
1.619999999999999885e+00 0.000000000000000000e+00
1.679999999999999938e+00 0.000000000000000000e+00
1.739999999999999991e+00 0.000000000000000000e+00
1.799999999999999822e+00 0.000000000000000000e+00
1.859999999999999876e+00 0.000000000000000000e+00
1.919999999999999929e+00 0.000000000000000000e+00
1.979999999999999982e+00 0.000000000000000000e+00
2.040000000000000036e+00 0.000000000000000000e+00
2.100000000000000089e+00 0.000000000000000000e+00
2.160000000000000142e+00 0.000000000000000000e+00
2.219999999999999751e+00 1.755487196940381503e-04
2.279999999999999805e+00 3.272542155272602313e-03
2.339999999999999858e+00 3.863920922160664351e-02
2.399999999999999911e+00 2.108175078373862310e-01
2.459999999999999964e+00 7.347620565245898128e-01
2.520000000000000018e+00 1.728012374359577441e+00
2.580000000000000071e+00 2.967150225578902845e+00
2.639999999999999680e+00 3.824938663591207266e+00
2.699999999999999734e+00 3.820631003840100348e+00
2.759999999999999787e+00 3.162355700059446661e+00
2.819999999999999840e+00 2.225123252669829021e+00
2.879999999999999893e+00 1.406932054663828424e+00
2.939999999999999947e+00 8.123908178630304677e-01
3.000000000000000000e+00 4.511813760990285860e-01
3.060000000000000053e+00 2.491755115123798769e-01
3.120000000000000107e+00 1.318154972228202104e-01
3.179999999999999716e+00 6.808940228713861176e-02
3.239999999999999769e+00 3.344286956365486591e-02
3.299999999999999822e+00 1.809075019131498735e-02
3.359999999999999876e+00 1.323240461143927911e-02
3.419999999999999929e+00 1.004168773704818690e-02
3.479999999999999982e+00 1.254052011945541549e-02
3.540000000000000036e+00 2.357047608678946790e-02
3.599999999999999645e+00 4.273552072956195852e-02
3.659999999999999698e+00 6.794747902886535962e-02
3.719999999999999751e+00 1.085269681387261015e-01
3.779999999999999805e+00 1.807279467450672861e-01
3.839999999999999858e+00 2.828417503446765124e-01
3.899999999999999911e+00 4.203758321512912621e-01
3.959999999999999964e+00 5.927301935718697345e-01
4.019999999999999574e+00 8.268181785578290199e-01
4.080000000000000071e+00 1.107749679375025442e+00
4.139999999999999680e+00 1.426481022599900284e+00
4.200000000000000178e+00 1.774049149124371283e+00
4.259999999999999787e+00 2.081010474485188499e+00
4.320000000000000284e+00 2.327985635033125167e+00
4.379999999999999893e+00 2.465239134665561771e+00
4.439999999999999503e+00 2.490481210580018701e+00
4.500000000000000000e+00 2.375661714238195721e+00
4.559999999999999609e+00 2.193231206242931552e+00
4.620000000000000107e+00 1.969439382444219566e+00
4.679999999999999716e+00 1.744406308353930291e+00
4.740000000000000213e+00 1.532575541783641304e+00
4.799999999999999822e+00 1.339074551227487309e+00
4.859999999999999432e+00 1.207538972678621203e+00
4.919999999999999929e+00 1.161506351636567569e+00
4.979999999999999538e+00 1.162898811933335441e+00
5.040000000000000036e+00 1.155686851224913214e+00
5.099999999999999645e+00 1.164897856483497973e+00
5.160000000000000142e+00 1.141378923701297010e+00
5.219999999999999751e+00 1.086514043020224696e+00
5.279999999999999361e+00 1.028835348856018017e+00
5.339999999999999858e+00 9.313697099320438211e-01
5.399999999999999467e+00 8.174556083968300690e-01
5.459999999999999964e+00 6.792867711963613830e-01
5.519999999999999574e+00 5.725067480955755572e-01
5.580000000000000071e+00 4.886036742454631376e-01
5.639999999999999680e+00 4.276436671059963279e-01
5.700000000000000178e+00 3.879575126854233891e-01
5.759999999999999787e+00 3.787391145205276644e-01
5.819999999999999396e+00 4.048294590299732487e-01
5.879999999999999893e+00 4.753615130147840762e-01
5.939999999999999503e+00 5.681996041801907760e-01
