0.000000000000000000e+00 0.000000000000000000e+00
5.999999999999999778e-02 0.000000000000000000e+00
1.199999999999999956e-01 0.000000000000000000e+00
1.799999999999999933e-01 0.000000000000000000e+00
2.399999999999999911e-01 0.000000000000000000e+00
2.999999999999999889e-01 0.000000000000000000e+00
3.599999999999999867e-01 0.000000000000000000e+00
4.199999999999999845e-01 0.000000000000000000e+00
4.799999999999999822e-01 0.000000000000000000e+00
5.400000000000000355e-01 0.000000000000000000e+00
5.999999999999999778e-01 0.000000000000000000e+00
6.599999999999999201e-01 0.000000000000000000e+00
7.199999999999999734e-01 8.901498020855847307e-03
7.800000000000000266e-01 4.081809435495657445e-01
8.399999999999999689e-01 3.486081564601057892e+00
8.999999999999999112e-01 9.963751366283608135e+00
9.599999999999999645e-01 1.263854724974384247e+01
1.020000000000000018e+00 8.813249525698148901e+00
1.080000000000000071e+00 3.983528192669905987e+00
1.139999999999999902e+00 1.333962054258548413e+00
1.199999999999999956e+00 3.683797219792703248e-01
1.260000000000000009e+00 1.226067424188953953e-01
1.319999999999999840e+00 1.208411421882834430e-01
1.379999999999999893e+00 2.405586991352736959e-01
1.439999999999999947e+00 4.810830698064921251e-01
1.500000000000000000e+00 8.496213464644188917e-01
1.560000000000000053e+00 1.280806507665419369e+00
1.619999999999999885e+00 1.687143013119521751e+00
1.679999999999999938e+00 1.897391186599725055e+00
1.739999999999999991e+00 1.848744440756633356e+00
1.799999999999999822e+00 1.573770796256864557e+00
1.859999999999999876e+00 1.193568636115991621e+00
1.919999999999999929e+00 8.227489051955676480e-01
1.979999999999999982e+00 5.230122771197879272e-01
2.040000000000000036e+00 3.154675068906802049e-01
2.100000000000000089e+00 1.822363438780347511e-01
2.160000000000000142e+00 1.035095893021766578e-01
2.219999999999999751e+00 5.653638892263773696e-02
2.279999999999999805e+00 3.126116381605805600e-02
2.339999999999999858e+00 1.735562043500653642e-02
2.399999999999999911e+00 1.036953491341304802e-02
2.459999999999999964e+00 8.584197172172548795e-03
2.520000000000000018e+00 1.178247643581719142e-02
2.580000000000000071e+00 2.372349551338094609e-02
2.639999999999999680e+00 4.967715823103775047e-02
2.699999999999999734e+00 1.019240586532557946e-01
2.759999999999999787e+00 1.947456766188957189e-01
2.819999999999999840e+00 3.420189180611951651e-01
2.879999999999999893e+00 5.478048030081046349e-01
2.939999999999999947e+00 8.115069763022932925e-01
3.000000000000000000e+00 1.093215696894640043e+00
3.060000000000000053e+00 1.351339808742076265e+00
3.120000000000000107e+00 1.538840359312714012e+00
3.179999999999999716e+00 1.612448344490749808e+00
3.239999999999999769e+00 1.583860338494030628e+00
3.299999999999999822e+00 1.482139506137738483e+00
3.359999999999999876e+00 1.351384722611606470e+00
3.419999999999999929e+00 1.228440167983183784e+00
3.479999999999999982e+00 1.132415902017119391e+00
3.540000000000000036e+00 1.066774356894665043e+00
3.599999999999999645e+00 1.017757129936432525e+00
3.659999999999999698e+00 9.772903343056320580e-01
3.719999999999999751e+00 9.228632600322407287e-01
3.779999999999999805e+00 8.615934733719684546e-01
3.839999999999999858e+00 8.073550271195952810e-01
3.899999999999999911e+00 7.595143735091205439e-01
3.959999999999999964e+00 7.389013772807960789e-01
4.019999999999999574e+00 7.485974496232123965e-01
4.080000000000000071e+00 7.842211892188165612e-01
4.139999999999999680e+00 8.535537218266936454e-01
4.200000000000000178e+00 9.420048228978249449e-01
4.259999999999999787e+00 1.047487152546165534e+00
4.320000000000000284e+00 1.159647913804390251e+00
4.379999999999999893e+00 1.267461290279941366e+00
4.439999999999999503e+00 1.361902047828630558e+00
4.500000000000000000e+00 1.431640876399942197e+00
4.559999999999999609e+00 1.470349467581660186e+00
4.620000000000000107e+00 1.476865940234964647e+00
4.679999999999999716e+00 1.456409411274964372e+00
4.740000000000000213e+00 1.414977216762967505e+00
4.799999999999999822e+00 1.359403585460232877e+00
4.859999999999999432e+00 1.297590538097322277e+00
4.919999999999999929e+00 1.234331913029581784e+00
4.979999999999999538e+00 1.179030556108961347e+00
5.040000000000000036e+00 1.134250173225685110e+00
5.099999999999999645e+00 1.099537231697323314e+00
5.160000000000000142e+00 1.072314544609478393e+00
5.219999999999999751e+00 1.051354110040543910e+00
5.279999999999999361e+00 1.037058705218607546e+00
5.339999999999999858e+00 1.024852761201272555e+00
5.399999999999999467e+00 1.014111138255572531e+00
5.459999999999999964e+00 1.005396385196516418e+00
5.519999999999999574e+00 9.961481078958054347e-01
5.580000000000000071e+00 9.902250409033307443e-01
5.639999999999999680e+00 9.877773981653920066e-01
5.700000000000000178e+00 9.860801085671110355e-01
5.759999999999999787e+00 9.820230545692510971e-01
5.819999999999999396e+00 9.735552647558239903e-01
5.879999999999999893e+00 9.590272299809484702e-01
5.939999999999999503e+00 9.358047731314151907e-01
