0.000000000000000000e+00 0.000000000000000000e+00
5.999999999999999778e-02 0.000000000000000000e+00
1.199999999999999956e-01 0.000000000000000000e+00
1.799999999999999933e-01 0.000000000000000000e+00
2.399999999999999911e-01 0.000000000000000000e+00
2.999999999999999889e-01 0.000000000000000000e+00
3.599999999999999867e-01 0.000000000000000000e+00
4.199999999999999845e-01 0.000000000000000000e+00
4.799999999999999822e-01 0.000000000000000000e+00
5.400000000000000355e-01 0.000000000000000000e+00
5.999999999999999778e-01 0.000000000000000000e+00
6.599999999999999201e-01 0.000000000000000000e+00
7.199999999999999734e-01 0.000000000000000000e+00
7.800000000000000266e-01 0.000000000000000000e+00
8.399999999999999689e-01 0.000000000000000000e+00
8.999999999999999112e-01 0.000000000000000000e+00
9.599999999999999645e-01 1.099002201421549306e-05
1.020000000000000018e+00 7.742993168913887749e-05
1.080000000000000071e+00 9.003830298014576768e-04
1.139999999999999902e+00 5.932616789039653858e-03
1.199999999999999956e+00 2.667200050257401492e-02
1.260000000000000009e+00 9.216679520444083507e-02
1.319999999999999840e+00 2.568453684598486220e-01
1.379999999999999893e+00 5.565341362718146945e-01
1.439999999999999947e+00 9.678337412376778470e-01
1.500000000000000000e+00 1.334468351881049619e+00
1.560000000000000053e+00 1.488495823883011049e+00
1.619999999999999885e+00 1.340031358476704959e+00
1.679999999999999938e+00 1.011459798974120750e+00
1.739999999999999991e+00 6.757361116872594442e-01
1.799999999999999822e+00 4.777837270379890477e-01
1.859999999999999876e+00 4.650984819512136714e-01
1.919999999999999929e+00 6.024219379706340360e-01
1.979999999999999982e+00 8.431239807638017947e-01
2.040000000000000036e+00 1.144412637337073324e+00
2.100000000000000089e+00 1.436346339926918736e+00
2.160000000000000142e+00 1.663667892919769464e+00
2.219999999999999751e+00 1.779609451948382493e+00
2.279999999999999805e+00 1.754641498057896820e+00
2.339999999999999858e+00 1.617175917587860612e+00
2.399999999999999911e+00 1.395876691463388664e+00
2.459999999999999964e+00 1.139803219860133554e+00
2.520000000000000018e+00 9.012599580059942328e-01
2.580000000000000071e+00 7.029555152143976970e-01
2.639999999999999680e+00 5.462844616934600106e-01
2.699999999999999734e+00 4.386886239333660509e-01
2.759999999999999787e+00 3.669984567416443855e-01
2.819999999999999840e+00 3.214338647497505530e-01
2.879999999999999893e+00 2.905184927588679855e-01
2.939999999999999947e+00 2.792019607992802244e-01
3.000000000000000000e+00 2.771124213567210393e-01
3.060000000000000053e+00 2.936681757385421476e-01
3.120000000000000107e+00 3.309837204920249021e-01
3.179999999999999716e+00 3.885233811951603888e-01
3.239999999999999769e+00 4.647629321244651779e-01
3.299999999999999822e+00 5.596958160852193442e-01
3.359999999999999876e+00 6.677153869819905108e-01
3.419999999999999929e+00 7.825831138867026526e-01
3.479999999999999982e+00 8.998619561923082433e-01
3.540000000000000036e+00 1.017935609319530643e+00
3.599999999999999645e+00 1.124710617867517914e+00
3.659999999999999698e+00 1.217673522872836589e+00
3.719999999999999751e+00 1.289561547241112827e+00
3.779999999999999805e+00 1.345864501256444301e+00
3.839999999999999858e+00 1.379509643910452166e+00
3.899999999999999911e+00 1.396949695091538768e+00
3.959999999999999964e+00 1.397435386048404560e+00
4.019999999999999574e+00 1.389322827693711293e+00
4.080000000000000071e+00 1.378035288667373681e+00
4.139999999999999680e+00 1.367624338492934077e+00
4.200000000000000178e+00 1.346223023999224555e+00
4.259999999999999787e+00 1.319259776341785262e+00
4.320000000000000284e+00 1.284876153270774868e+00
4.379999999999999893e+00 1.241360938293389449e+00
4.439999999999999503e+00 1.192356586332984580e+00
4.500000000000000000e+00 1.137033410622815044e+00
4.559999999999999609e+00 1.080624287326361177e+00
4.620000000000000107e+00 1.034070510365292739e+00
4.679999999999999716e+00 9.938689054126699229e-01
4.740000000000000213e+00 9.640304496949045898e-01
4.799999999999999822e+00 9.464049979860591488e-01
4.859999999999999432e+00 9.464091478509847333e-01
4.919999999999999929e+00 9.570211540797144423e-01
4.979999999999999538e+00 9.743333292842784044e-01
5.040000000000000036e+00 9.980576868338212337e-01
5.099999999999999645e+00 1.022670744420553168e+00
5.160000000000000142e+00 1.046091382805014458e+00
5.219999999999999751e+00 1.066715407662213844e+00
5.279999999999999361e+00 1.082390784690016927e+00
5.339999999999999858e+00 1.089989376289111522e+00
5.399999999999999467e+00 1.094231751886147075e+00
5.459999999999999964e+00 1.091533338039565537e+00
5.519999999999999574e+00 1.082072431024368564e+00
5.580000000000000071e+00 1.067509385569085145e+00
5.639999999999999680e+00 1.050172291191386886e+00
5.700000000000000178e+00 1.029607407447131973e+00
5.759999999999999787e+00 1.008943365865464514e+00
5.819999999999999396e+00 9.875445395696109685e-01
5.879999999999999893e+00 9.658195554515657255e-01
5.939999999999999503e+00 9.430796438882569355e-01
